<?xml version="1.0" encoding="UTF-8"?>
<!-- Generated by org.testng.reporters.JUnitReportReporter -->
<testsuite hostname="LAPTOP-HH7IGSDH" failures="0" tests="1" name="TC2_POSTrequest" time="8.096" errors="0" timestamp="2022-01-10T17:30:46 PST" skipped="0">
  <testcase classname="TC2_POSTrequest" name="createEmployee" time="8.096"/>
  <system-out/>
</testsuite> <!-- TC2_POSTrequest -->
