<?xml version="1.0" encoding="UTF-8"?>
<!-- Generated by org.testng.reporters.JUnitReportReporter -->
<testsuite hostname="LAPTOP-HH7IGSDH" failures="0" tests="1" name="Get_Request_printallHeaders" time="4.721" errors="0" timestamp="2022-01-11T11:08:45 PST" skipped="0">
  <testcase classname="Get_Request_printallHeaders" name="getHeaders" time="4.721"/>
  <system-out/>
</testsuite> <!-- Get_Request_printallHeaders -->
