<?xml version="1.0" encoding="UTF-8"?>
<!-- Generated by org.testng.reporters.JUnitReportReporter -->
<testsuite hostname="LAPTOP-HH7IGSDH" failures="0" tests="1" name="TC001_GET_Request" time="2.012" errors="0" timestamp="2022-01-10T16:40:00 PST" skipped="0">
  <testcase classname="TC001_GET_Request" name="getWeatherDetails" time="2.012"/>
  <system-out/>
</testsuite> <!-- TC001_GET_Request -->
