<?xml version="1.0" encoding="UTF-8"?>
<!-- Generated by org.testng.reporters.JUnitReportReporter -->
<testsuite hostname="LAPTOP-HH7IGSDH" failures="0" tests="2" name="newAPItesting.NewsampleAPI" time="3.744" errors="0" timestamp="2022-01-16T13:16:10 PST" skipped="0">
  <testcase classname="newAPItesting.NewsampleAPI" name="post_request" time="0.784"/>
  <system-out/>
  <testcase classname="newAPItesting.NewsampleAPI" name="get_request" time="2.960"/>
  <system-out/>
</testsuite> <!-- newAPItesting.NewsampleAPI -->
