<?xml version="1.0" encoding="UTF-8"?>
<!-- Generated by org.testng.reporters.JUnitReportReporter -->
<testsuite hostname="LAPTOP-HH7IGSDH" failures="0" tests="1" name="GetRequest_BasicAuth" time="2.550" errors="0" timestamp="2022-01-12T08:36:06 PST" skipped="0">
  <testcase classname="GetRequest_BasicAuth" name="authorisation" time="2.550"/>
  <system-out/>
</testsuite> <!-- GetRequest_BasicAuth -->
